2025-06-21 12:09:18,768 - INFO - Module ML chargé avec succès
2025-06-21 12:10:41,325 - INFO - Module ML chargé avec succès
2025-06-21 12:11:32,228 - INFO - Module ML chargé avec succès
2025-06-21 12:20:40,671 - INFO - Module ML chargé avec succès
2025-06-21 12:21:13,504 - INFO - Module ML chargé avec succès
2025-06-21 12:21:13,908 - INFO - Chargement de la liste des pays...
2025-06-21 12:21:13,908 - INFO - Test de connexion API...
2025-06-21 12:21:15,678 - INFO - API accessible et fonctionnelle
2025-06-21 12:21:15,679 - INFO - API OK - Temps de réponse: 1765.22ms
2025-06-21 12:21:15,708 - INFO - Pays chargés depuis l'API: 246
2025-06-21 12:21:15,721 - INFO - 246 pays disponibles
2025-06-21 12:21:28,389 - INFO - Chargement des données pour American Samoa...
2025-06-21 12:21:28,458 - INFO - Données de American Samoa chargées depuis l'API
2025-06-21 12:21:28,880 - INFO - Graphiques mis à jour avec succès
2025-06-21 12:21:28,943 - INFO - Données de American Samoa chargées avec succès
2025-06-21 12:21:34,013 - INFO - Chargement des données pour American Samoa...
2025-06-21 12:21:34,055 - INFO - Données de American Samoa chargées depuis l'API
2025-06-21 12:21:34,296 - INFO - Graphiques mis à jour avec succès
2025-06-21 12:21:34,345 - INFO - Données de American Samoa chargées avec succès
2025-06-21 12:21:37,913 - INFO - Génération des prédictions ML...
2025-06-21 12:21:37,920 - ERROR - Erreur lors de la mise à jour des prédictions: 'numpy.int64' object has no attribute 'strftime'
2025-06-21 12:21:37,944 - INFO - Prédictions ML générées avec succès
2025-06-21 12:21:37,946 - INFO - Prédictions générées: constant, R²=1.000
2025-06-21 12:22:08,990 - INFO - Pays retiré de la comparaison
2025-06-21 12:22:10,352 - INFO - Pays retiré de la comparaison
2025-06-21 12:22:26,733 - INFO - Graphique Plotly ouvert dans le navigateur
2025-06-21 12:22:26,734 - INFO - Graphique Plotly généré avec succès
2025-06-21 12:22:45,498 - INFO - Génération des prédictions ML...
2025-06-21 12:22:45,501 - ERROR - Erreur lors de la mise à jour des prédictions: 'numpy.int64' object has no attribute 'strftime'
2025-06-21 12:22:45,509 - INFO - Prédictions ML générées avec succès
2025-06-21 12:22:45,510 - INFO - Prédictions générées: constant, R²=1.000
2025-06-21 12:24:36,652 - INFO - Module ML chargé avec succès
2025-06-21 12:24:37,212 - INFO - Chargement de la liste des pays...
2025-06-21 12:24:37,213 - INFO - Test de connexion API...
2025-06-21 12:24:39,040 - INFO - API accessible et fonctionnelle
2025-06-21 12:24:39,040 - INFO - API OK - Temps de réponse: 1813.79ms
2025-06-21 12:24:39,057 - INFO - Pays chargés depuis l'API: 246
2025-06-21 12:24:39,069 - INFO - 246 pays disponibles
2025-06-21 12:24:40,886 - INFO - Chargement des données pour Afghanistan...
2025-06-21 12:24:40,946 - INFO - Données de Afghanistan chargées depuis l'API
2025-06-21 12:24:41,349 - INFO - Graphiques mis à jour avec succès
2025-06-21 12:24:41,412 - INFO - Données de Afghanistan chargées avec succès
2025-06-21 12:24:44,782 - INFO - Chargement des données pour Afghanistan...
2025-06-21 12:24:44,819 - INFO - Données de Afghanistan chargées depuis l'API
2025-06-21 12:24:45,014 - INFO - Graphiques mis à jour avec succès
2025-06-21 12:24:45,054 - INFO - Données de Afghanistan chargées avec succès
2025-06-21 12:24:48,601 - INFO - Génération des prédictions ML...
2025-06-21 12:24:49,007 - INFO - Prédictions ML générées avec succès
2025-06-21 12:24:49,007 - INFO - Prédictions générées: constant, R²=1.000
2025-06-21 12:25:04,170 - INFO - Graphique Plotly ouvert dans le navigateur
2025-06-21 12:25:04,170 - INFO - Graphique Plotly généré avec succès
2025-06-21 12:25:11,834 - INFO - Chargement des données pour Afghanistan...
2025-06-21 12:25:11,878 - INFO - Données de Afghanistan chargées depuis l'API
2025-06-21 12:25:12,111 - INFO - Graphiques mis à jour avec succès
2025-06-21 12:25:12,255 - INFO - Données de Afghanistan chargées avec succès
2025-06-21 12:25:13,414 - INFO - Génération des prédictions ML...
2025-06-21 12:25:13,774 - INFO - Prédictions ML générées avec succès
2025-06-21 12:25:13,775 - INFO - Prédictions générées: linear, R²=0.339
2025-06-21 12:25:58,431 - INFO - Graphiques mis à jour avec succès
2025-06-21 12:26:00,338 - INFO - Graphique Plotly ouvert dans le navigateur
2025-06-21 12:26:00,338 - INFO - Graphique Plotly généré avec succès
2025-06-21 12:26:14,751 - INFO - Graphiques mis à jour avec succès
2025-06-21 12:26:18,452 - INFO - Graphiques mis à jour avec succès
2025-06-21 12:26:22,758 - INFO - Graphiques mis à jour avec succès
2025-06-21 12:26:27,274 - INFO - Graphique Plotly ouvert dans le navigateur
2025-06-21 12:26:27,274 - INFO - Graphique Plotly généré avec succès
